<?xml version="1.0" encoding="UTF-8"?>
<testng-results skipped="0" failed="0" ignored="0" total="1" passed="1">
  <reporter-output>
  </reporter-output>
  <suite name="Suite" duration-ms="9022" started-at="2023-10-17T11:37:24 IST" finished-at="2023-10-17T11:37:33 IST">
    <groups>
    </groups>
    <test name="Test" duration-ms="9022" started-at="2023-10-17T11:37:24 IST" finished-at="2023-10-17T11:37:33 IST">
      <class name="tests.GoogleTest">
        <test-method status="PASS" signature="googleTestMehod()[pri:0, instance:tests.GoogleTest@57855c9a]" name="googleTestMehod" duration-ms="8971" started-at="2023-10-17T11:37:24 IST" finished-at="2023-10-17T11:37:33 IST">
          <reporter-output>
          </reporter-output>
        </test-method> <!-- googleTestMehod -->
      </class> <!-- tests.GoogleTest -->
    </test> <!-- Test -->
  </suite> <!-- Suite -->
</testng-results>
